<?xml version="1.0" encoding="UTF-8"?>
<!-- Generated by org.testng.reporters.JUnitReportReporter -->
<testsuite hostname="LAPTOP-FOBEDI4D" failures="0" tests="4" name="TestNgpacks.DataProvi" time="41.098" errors="0" timestamp="2025-05-25T15:44:31 IST" skipped="0">
  <testcase classname="TestNgpacks.DataProvi" name="login" time="8.991"/>
  <testcase classname="TestNgpacks.DataProvi" name="login" time="16.837"/>
  <testcase classname="TestNgpacks.DataProvi" name="login" time="7.984"/>
  <testcase classname="TestNgpacks.DataProvi" name="login" time="7.286"/>
</testsuite> <!-- TestNgpacks.DataProvi -->
