<?xml version="1.0" encoding="UTF-8"?>
<!-- Generated by org.testng.reporters.JUnitReportReporter -->
<testsuite hostname="LAPTOP-FOBEDI4D" failures="0" tests="1" name="pommodel.RegisterTest" time="4.090" errors="0" timestamp="2025-05-23T22:27:19 IST" skipped="0">
  <testcase classname="pommodel.RegisterTest" name="register" time="4.090"/>
</testsuite> <!-- pommodel.RegisterTest -->
