<?xml version="1.0" encoding="UTF-8"?>
<!-- Generated by org.testng.reporters.JUnitReportReporter -->
<testsuite hostname="LAPTOP-FOBEDI4D" failures="0" tests="1" name="TestNgpacks.Param" time="11.441" errors="0" timestamp="2025-05-24T13:15:47 IST" skipped="0">
  <testcase classname="TestNgpacks.Param" name="login" time="11.441"/>
</testsuite> <!-- TestNgpacks.Param -->
