<?xml version="1.0" encoding="UTF-8"?>
<!-- Generated by org.testng.reporters.JUnitReportReporter -->
<testsuite hostname="LAPTOP-FOBEDI4D" failures="0" tests="1" name="TestNgpacks.SeqRun" time="23.670" errors="0" timestamp="2025-05-24T08:20:07 IST" skipped="0">
  <testcase classname="TestNgpacks.SeqRun" name="run" time="23.670"/>
</testsuite> <!-- TestNgpacks.SeqRun -->
