<?xml version="1.0" encoding="UTF-8"?>
<!-- Generated by org.testng.reporters.JUnitReportReporter -->
<testsuite hostname="LAPTOP-FOBEDI4D" failures="0" tests="1" name="TestNgpacks.ParallelRun" time="5.659" errors="0" timestamp="2025-05-24T12:06:09 IST" skipped="0">
  <testcase classname="TestNgpacks.ParallelRun" name="loginform" time="5.659"/>
</testsuite> <!-- TestNgpacks.ParallelRun -->
