<?xml version="1.0" encoding="UTF-8"?>
<!-- Generated by org.testng.reporters.JUnitReportReporter -->
<testsuite hostname="LAPTOP-FOBEDI4D" failures="0" tests="2" name="TestNgpacks.Testngparameters" time="30.324" errors="0" timestamp="2025-05-24T13:57:54 IST" skipped="0">
  <testcase classname="TestNgpacks.Testngparameters" name="SendParam" time="17.917"/>
  <testcase classname="TestNgpacks.Testngparameters" name="SendParam" time="12.407"/>
</testsuite> <!-- TestNgpacks.Testngparameters -->
