<?xml version="1.0" encoding="UTF-8"?>
<!-- Generated by org.testng.reporters.JUnitReportReporter -->
<testsuite hostname="LAPTOP-FOBEDI4D" failures="0" tests="1" name="TestNgpacks.parallel" time="5.074" errors="0" timestamp="2025-05-24T12:06:09 IST" skipped="0">
  <testcase classname="TestNgpacks.parallel" name="facebook" time="5.074"/>
</testsuite> <!-- TestNgpacks.parallel -->
