<?xml version="1.0" encoding="UTF-8"?>
<!-- Generated by org.testng.reporters.JUnitReportReporter -->
<testsuite hostname="LAPTOP-FOBEDI4D" failures="0" tests="1" name="pommodel.LoginTest" time="11.259" errors="0" timestamp="2025-08-14T23:01:00 IST" skipped="0">
  <testcase classname="pommodel.LoginTest" name="login" time="11.259"/>
</testsuite> <!-- pommodel.LoginTest -->
