<?xml version="1.0" encoding="UTF-8"?>
<!-- Generated by org.testng.reporters.JUnitReportReporter -->
<testsuite hostname="LAPTOP-FOBEDI4D" failures="0" tests="2" name="TestNgpacks.InvocationTime" time="56.910" errors="0" timestamp="2025-05-24T12:58:45 IST" skipped="0">
  <testcase classname="TestNgpacks.InvocationTime" name="findEleme" time="30.223"/>
  <testcase classname="TestNgpacks.InvocationTime" name="findEleme" time="26.687"/>
</testsuite> <!-- TestNgpacks.InvocationTime -->
